Log file open, 10/09/22 23:26:46
LogWindows: Failed to load 'aqProf.dll' (GetLastError=126)
LogWindows: File 'aqProf.dll' does not exist
LogWindows: Failed to load 'VtuneApi.dll' (GetLastError=126)
LogWindows: File 'VtuneApi.dll' does not exist
LogWindows: Failed to load 'VtuneApi32e.dll' (GetLastError=126)
LogWindows: File 'VtuneApi32e.dll' does not exist
LogConsoleResponse: Display: Failed to find resolution value strings in scalability ini. Falling back to default.
LogConsoleResponse: Display: Failed to find resolution value strings in scalability ini. Falling back to default.
LogInit: Display: Running engine for game: GraphDialogueSystem
LogInit: Display: Project file not found: ../../../GraphDialogueSystem/GraphDialogueSystem.uproject
LogInit: Display: 	Attempting to find via project info helper.
LogUProjectInfo: Found projects:
LogPakFile: Display: Found Pak file ../../../GraphDialogueSystem/Content/Paks/GraphDialogueSystem-WindowsNoEditor.pak attempting to mount.
LogPakFile: Display: Mounting pak file ../../../GraphDialogueSystem/Content/Paks/GraphDialogueSystem-WindowsNoEditor.pak.
LogPakFile: PakFile PrimaryIndexSize=30766
LogPakFile: PakFile PathHashIndexSize=48303
LogPakFile: PakFile FullDirectoryIndexSize=66399
LogShaderLibrary: Display: ShaderCodeLibraryPakFileMountedCallback: PakFile '../../../GraphDialogueSystem/Content/Paks/GraphDialogueSystem-WindowsNoEditor.pak' (chunk index -1, root '../../../') mounted
LogShaderLibrary: Display: ShaderCodeLibraryPakFileMountedCallback: pending pak file info (ChunkID:-1 Root:../../../ File:../../../GraphDialogueSystem/Content/Paks/GraphDialogueSystem-WindowsNoEditor.pak)
LogPakFile: OnPakFileMounted2Time == 0.000050
LogPlatformFile: Not using cached read wrapper
LogTaskGraph: Started task graph with 5 named threads and 47 total threads with 3 sets of task threads.
LogStats: Stats thread started at 0.125311
LogICUInternationalization: ICU TimeZone Detection - Raw Offset: +1:00, Platform Override: ''
LogInit: Display: Loading text-based GConfig....
LogPluginManager: Mounting plugin Paper2D
LogPluginManager: Mounting plugin AISupport
LogPluginManager: Mounting plugin EnvironmentQueryEditor
LogPluginManager: Mounting plugin LightPropagationVolume
LogPluginManager: Mounting plugin CameraShakePreviewer
LogPluginManager: Mounting plugin GameplayCameras
LogPluginManager: Mounting plugin TemplateSequence
LogPluginManager: Mounting plugin LevelSequenceEditor
LogPluginManager: Mounting plugin OodleData
LogPluginManager: Mounting plugin OodleNetwork
LogPluginManager: Mounting plugin AnimationSharing
LogPluginManager: Mounting plugin SignificanceManager
LogPluginManager: Mounting plugin PixWinPlugin
LogPluginManager: Mounting plugin PluginUtils
LogPluginManager: Mounting plugin PropertyAccessEditor
LogPluginManager: Mounting plugin UObjectPlugin
LogPluginManager: Mounting plugin AssetManagerEditor
LogPluginManager: Mounting plugin FacialAnimation
LogPluginManager: Mounting plugin GeometryMode
LogPluginManager: Mounting plugin SpeedTreeImporter
LogPluginManager: Mounting plugin DatasmithContent
LogPluginManager: Mounting plugin VariantManagerContent
LogPluginManager: Mounting plugin AlembicImporter
LogPluginManager: Mounting plugin GeometryCache
LogPluginManager: Mounting plugin AutomationUtils
LogPluginManager: Mounting plugin ScreenshotTools
LogPluginManager: Mounting plugin BackChannel
LogPluginManager: Mounting plugin ChaosClothEditor
LogPluginManager: Mounting plugin ChaosCloth
LogPluginManager: Mounting plugin ChaosEditor
LogPluginManager: Mounting plugin PlanarCut
LogPluginManager: Mounting plugin GeometryProcessing
LogPluginManager: Mounting plugin EditableMesh
LogPluginManager: Mounting plugin GeometryCollectionPlugin
LogPluginManager: Mounting plugin ProceduralMeshComponent
LogPluginManager: Mounting plugin ChaosSolverPlugin
LogPluginManager: Mounting plugin ChaosNiagara
LogPluginManager: Mounting plugin Niagara
LogPluginManager: Mounting plugin PythonScriptPlugin
LogPluginManager: Mounting plugin CharacterAI
LogPluginManager: Mounting plugin MotoSynth
LogPluginManager: Mounting plugin OpenImageDenoise
LogPluginManager: Mounting plugin PlatformCrypto
LogPluginManager: Mounting plugin MagicLeapPassableWorld
LogPluginManager: Mounting plugin MagicLeap
LogPluginManager: Mounting plugin MLSDK
LogPluginManager: Mounting plugin MagicLeapLightEstimation
LogPluginManager: Mounting plugin AvfMedia
LogPluginManager: Mounting plugin ImgMedia
LogPluginManager: Mounting plugin MediaCompositing
LogPluginManager: Mounting plugin WmfMedia
LogPluginManager: Mounting plugin MeshPainting
LogPluginManager: Mounting plugin TcpMessaging
LogPluginManager: Mounting plugin UdpMessaging
LogPluginManager: Mounting plugin ActorSequence
LogPluginManager: Mounting plugin MatineeToLevelSequence
LogPluginManager: Mounting plugin OnlineSubsystemNull
LogPluginManager: Mounting plugin OnlineSubsystem
LogPluginManager: Mounting plugin OnlineSubsystemUtils
LogPluginManager: Mounting plugin LauncherChunkInstaller
LogPluginManager: Mounting plugin ActorLayerUtilities
LogPluginManager: Mounting plugin AndroidPermission
LogPluginManager: Mounting plugin AppleImageUtils
LogPluginManager: Mounting plugin ArchVisCharacter
LogPluginManager: Mounting plugin AssetTags
LogPluginManager: Mounting plugin AudioCapture
LogPluginManager: Mounting plugin CableComponent
LogPluginManager: Mounting plugin ChunkDownloader
LogPluginManager: Mounting plugin CustomMeshComponent
LogPluginManager: Mounting plugin ExampleDeviceProfileSelector
LogPluginManager: Mounting plugin GooglePAD
LogPluginManager: Mounting plugin LocationServicesBPLibrary
LogPluginManager: Mounting plugin MobilePatchingUtils
LogPluginManager: Mounting plugin OculusVR
LogPluginManager: Mounting plugin OpenXREyeTracker
LogPluginManager: Mounting plugin OpenXR
LogPluginManager: Mounting plugin OpenXRHandTracking
LogPluginManager: Mounting plugin LiveLink
LogPluginManager: Mounting plugin Takes
LogPluginManager: Mounting plugin PhysXVehicles
LogPluginManager: Mounting plugin RuntimePhysXCooking
LogPluginManager: Mounting plugin SoundFields
LogPluginManager: Mounting plugin SteamVR
LogPluginManager: Mounting plugin Synthesis
LogPluginManager: Mounting plugin AudioSynesthesia
LogPluginManager: Mounting plugin WebMMoviePlayer
LogPluginManager: Mounting plugin WebMMedia
LogPluginManager: Mounting plugin WindowsMoviePlayer
PixWinPlugin: PIX capture plugin failed to initialize! Check that the process is launched from PIX.
LogLuminAPIImpl: Warning: MLSDK not found.  This likely means the MLSDK environment variable is not set.
LogInit: Using libcurl 7.55.1-DEV
LogInit:  - built for x86_64-pc-win32
LogInit:  - supports SSL with OpenSSL/1.1.1
LogInit:  - supports HTTP deflate (compression) using libz 1.2.8
LogInit:  - other features:
LogInit:      CURL_VERSION_SSL
LogInit:      CURL_VERSION_LIBZ
LogInit:      CURL_VERSION_IPV6
LogInit:      CURL_VERSION_ASYNCHDNS
LogInit:      CURL_VERSION_LARGEFILE
LogInit:      CURL_VERSION_IDN
LogInit:  CurlRequestOptions (configurable via config and command line):
LogInit:  - bVerifyPeer = true  - Libcurl will verify peer certificate
LogInit:  - bUseHttpProxy = false  - Libcurl will NOT use HTTP proxy
LogInit:  - bDontReuseConnections = false  - Libcurl will reuse connections
LogInit:  - MaxHostConnections = 16  - Libcurl will limit the number of connections to a host
LogInit:  - LocalHostAddr = Default
LogInit:  - BufferSize = 65536
LogOnline: OSS: Creating online subsystem instance for: NULL
LogInit: WinSock: version 1.1 (2.2), MaxSocks=32767, MaxUdp=65467
LogOnline: OSS: TryLoadSubsystemAndSetDefault: Loaded subsystem for module [NULL]
LogOculusPluginWrapper: OculusPlugin initialized successfully
LogHMD: Failed initializing OVRPlugin 1.59.0
LogInit: Build: ++UE4+Release-4.27-CL-18319896
LogInit: Engine Version: 4.27.2-18319896+++UE4+Release-4.27
LogInit: Compatible Engine Version: 4.27.0-17155196+++UE4+Release-4.27
LogInit: Net CL: 17155196
LogInit: OS: Windows 10 (Release 2009) (), CPU: AMD Ryzen 7 3700X 8-Core Processor             , GPU: NVIDIA GeForce GTX 1080
LogInit: Compiled (64-bit): Nov 30 2021 07:26:28
LogInit: Compiled with Visual C++: 19.16.27032.01
LogInit: Build Configuration: Development
LogInit: Branch Name: ++UE4+Release-4.27
LogInit: Command Line: 
LogInit: Base Directory: D:/Developer/UE4/Clase/DemoProject/WindowsNoEditor/Engine/Binaries/Win64/
LogInit: Allocator: binned2
LogInit: Installed Engine Build: 0
LogDevObjectVersion: Number of dev versions registered: 29
LogDevObjectVersion:   Dev-Blueprints (B0D832E4-1F89-4F0D-ACCF-7EB736FD4AA2): 10
LogDevObjectVersion:   Dev-Build (E1C64328-A22C-4D53-A36C-8E866417BD8C): 0
LogDevObjectVersion:   Dev-Core (375EC13C-06E4-48FB-B500-84F0262A717E): 4
LogDevObjectVersion:   Dev-Editor (E4B068ED-F494-42E9-A231-DA0B2E46BB41): 40
LogDevObjectVersion:   Dev-Framework (CFFC743F-43B0-4480-9391-14DF171D2073): 37
LogDevObjectVersion:   Dev-Mobile (B02B49B5-BB20-44E9-A304-32B752E40360): 3
LogDevObjectVersion:   Dev-Networking (A4E4105C-59A1-49B5-A7C5-40C4547EDFEE): 0
LogDevObjectVersion:   Dev-Online (39C831C9-5AE6-47DC-9A44-9C173E1C8E7C): 0
LogDevObjectVersion:   Dev-Physics (78F01B33-EBEA-4F98-B9B4-84EACCB95AA2): 14
LogDevObjectVersion:   Dev-Platform (6631380F-2D4D-43E0-8009-CF276956A95A): 0
LogDevObjectVersion:   Dev-Rendering (12F88B9F-8875-4AFC-A67C-D90C383ABD29): 45
LogDevObjectVersion:   Dev-Sequencer (7B5AE74C-D270-4C10-A958-57980B212A5A): 13
LogDevObjectVersion:   Dev-VR (D7296918-1DD6-4BDD-9DE2-64A83CC13884): 3
LogDevObjectVersion:   Dev-LoadTimes (C2A15278-BFE7-4AFE-6C17-90FF531DF755): 1
LogDevObjectVersion:   Private-Geometry (6EACA3D4-40EC-4CC1-B786-8BED09428FC5): 3
LogDevObjectVersion:   Dev-AnimPhys (29E575DD-E0A3-4627-9D10-D276232CDCEA): 17
LogDevObjectVersion:   Dev-Anim (AF43A65D-7FD3-4947-9873-3E8ED9C1BB05): 15
LogDevObjectVersion:   Dev-ReflectionCapture (6B266CEC-1EC7-4B8F-A30B-E4D90942FC07): 1
LogDevObjectVersion:   Dev-Automation (0DF73D61-A23F-47EA-B727-89E90C41499A): 1
LogDevObjectVersion:   FortniteMain (601D1886-AC64-4F84-AA16-D3DE0DEAC7D6): 47
LogDevObjectVersion:   FortniteRelease (E7086368-6B23-4C58-8439-1B7016265E91): 1
LogDevObjectVersion:   Dev-Enterprise (9DFFBCD6-494F-0158-E221-12823C92A888): 10
LogDevObjectVersion:   Dev-Niagara (F2AED0AC-9AFE-416F-8664-AA7FFA26D6FC): 1
LogDevObjectVersion:   Dev-Destruction (174F1F0B-B4C6-45A5-B13F-2EE8D0FB917D): 10
LogDevObjectVersion:   Dev-Physics-Ext (35F94A83-E258-406C-A318-09F59610247C): 41
LogDevObjectVersion:   Dev-PhysicsMaterial-Chaos (B68FC16E-8B1B-42E2-B453-215C058844FE): 1
LogDevObjectVersion:   Dev-CineCamera (B2E18506-4273-CFC2-A54E-F4BB758BBA07): 1
LogDevObjectVersion:   Dev-VirtualProduction (64F58936-FD1B-42BA-BA96-7289D5D0FA4E): 1
LogDevObjectVersion:   Dev-MediaFramework (6F0ED827-A609-4895-9C91-998D90180EA4): 2
LogInit: Presizing for max 2097152 objects, including 1 objects not considered by GC, pre-allocating 0 bytes for permanent pool.
LogConfig: Applying CVar settings from Section [/Script/Engine.StreamingSettings] File [../../../GraphDialogueSystem/Saved/Config/WindowsNoEditor/Engine.ini]
LogConfig: Setting CVar [[s.MinBulkDataSizeForAsyncLoading:131072]]
LogConfig: Setting CVar [[s.AsyncLoadingThreadEnabled:0]]
LogConfig: Setting CVar [[s.EventDrivenLoaderEnabled:1]]
LogConfig: Setting CVar [[s.WarnIfTimeLimitExceeded:0]]
LogConfig: Setting CVar [[s.TimeLimitExceededMultiplier:1.5]]
LogConfig: Setting CVar [[s.TimeLimitExceededMinTime:0.005]]
LogConfig: Setting CVar [[s.UseBackgroundLevelStreaming:1]]
LogConfig: Setting CVar [[s.PriorityAsyncLoadingExtraTime:15.0]]
LogConfig: Setting CVar [[s.LevelStreamingActorsUpdateTimeLimit:5.0]]
LogConfig: Setting CVar [[s.PriorityLevelStreamingActorsUpdateExtraTime:5.0]]
LogConfig: Setting CVar [[s.LevelStreamingComponentsRegistrationGranularity:10]]
LogConfig: Setting CVar [[s.UnregisterComponentsTimeLimit:1.0]]
LogConfig: Setting CVar [[s.LevelStreamingComponentsUnregistrationGranularity:5]]
LogConfig: Setting CVar [[s.FlushStreamingOnExit:1]]
LogStreaming: Display: Async Loading initialized: Event Driven Loader: true, Async Loading Thread: false, Async Post Load: true
LogInit: Object subsystem initialized
LogConfig: Setting CVar [[con.DebugEarlyDefault:1]]
LogConfig: Setting CVar [[r.setres:1280x720]]
LogConfig: Setting CVar [[fx.NiagaraAllowRuntimeScalabilityChanges:1]]
[2022.10.09-21.26.47:824][  0]LogConfig: Setting CVar [[con.DebugEarlyDefault:1]]
[2022.10.09-21.26.47:824][  0]LogConfig: Setting CVar [[r.setres:1280x720]]
[2022.10.09-21.26.47:824][  0]LogConfig: Setting CVar [[fx.NiagaraAllowRuntimeScalabilityChanges:1]]
[2022.10.09-21.26.47:824][  0]LogConfig: Applying CVar settings from Section [/Script/Engine.RendererSettings] File [../../../GraphDialogueSystem/Saved/Config/WindowsNoEditor/Engine.ini]
[2022.10.09-21.26.47:824][  0]LogConfig: Setting CVar [[r.GPUCrashDebugging:0]]
[2022.10.09-21.26.47:824][  0]LogConfig: Applying CVar settings from Section [/Script/Engine.RendererOverrideSettings] File [../../../GraphDialogueSystem/Saved/Config/WindowsNoEditor/Engine.ini]
[2022.10.09-21.26.47:824][  0]LogConfig: Applying CVar settings from Section [/Script/Engine.StreamingSettings] File [../../../GraphDialogueSystem/Saved/Config/WindowsNoEditor/Engine.ini]
[2022.10.09-21.26.47:824][  0]LogConfig: Setting CVar [[s.MinBulkDataSizeForAsyncLoading:131072]]
[2022.10.09-21.26.47:824][  0]LogConfig: Setting CVar [[s.AsyncLoadingThreadEnabled:0]]
[2022.10.09-21.26.47:824][  0]LogConfig: Setting CVar [[s.EventDrivenLoaderEnabled:1]]
[2022.10.09-21.26.47:824][  0]LogConfig: Setting CVar [[s.WarnIfTimeLimitExceeded:0]]
[2022.10.09-21.26.47:824][  0]LogConfig: Setting CVar [[s.TimeLimitExceededMultiplier:1.5]]
[2022.10.09-21.26.47:824][  0]LogConfig: Setting CVar [[s.TimeLimitExceededMinTime:0.005]]
[2022.10.09-21.26.47:824][  0]LogConfig: Setting CVar [[s.UseBackgroundLevelStreaming:1]]
[2022.10.09-21.26.47:824][  0]LogConfig: Setting CVar [[s.PriorityAsyncLoadingExtraTime:15.0]]
[2022.10.09-21.26.47:824][  0]LogConfig: Setting CVar [[s.LevelStreamingActorsUpdateTimeLimit:5.0]]
[2022.10.09-21.26.47:824][  0]LogConfig: Setting CVar [[s.PriorityLevelStreamingActorsUpdateExtraTime:5.0]]
[2022.10.09-21.26.47:824][  0]LogConfig: Setting CVar [[s.LevelStreamingComponentsRegistrationGranularity:10]]
[2022.10.09-21.26.47:824][  0]LogConfig: Setting CVar [[s.UnregisterComponentsTimeLimit:1.0]]
[2022.10.09-21.26.47:824][  0]LogConfig: Setting CVar [[s.LevelStreamingComponentsUnregistrationGranularity:5]]
[2022.10.09-21.26.47:824][  0]LogConfig: Setting CVar [[s.FlushStreamingOnExit:1]]
[2022.10.09-21.26.47:824][  0]LogConfig: Applying CVar settings from Section [/Script/Engine.GarbageCollectionSettings] File [../../../GraphDialogueSystem/Saved/Config/WindowsNoEditor/Engine.ini]
[2022.10.09-21.26.47:824][  0]LogConfig: Setting CVar [[gc.MaxObjectsNotConsideredByGC:1]]
[2022.10.09-21.26.47:824][  0]LogConfig: Setting CVar [[gc.SizeOfPermanentObjectPool:0]]
[2022.10.09-21.26.47:824][  0]LogConfig: Setting CVar [[gc.FlushStreamingOnGC:0]]
[2022.10.09-21.26.47:824][  0]LogConfig: Setting CVar [[gc.NumRetriesBeforeForcingGC:10]]
[2022.10.09-21.26.47:824][  0]LogConfig: Setting CVar [[gc.AllowParallelGC:1]]
[2022.10.09-21.26.47:824][  0]LogConfig: Setting CVar [[gc.TimeBetweenPurgingPendingKillObjects:61.1]]
[2022.10.09-21.26.47:825][  0]LogConfig: Setting CVar [[gc.MaxObjectsInEditor:25165824]]
[2022.10.09-21.26.47:825][  0]LogConfig: Setting CVar [[gc.IncrementalBeginDestroyEnabled:1]]
[2022.10.09-21.26.47:825][  0]LogConfig: Setting CVar [[gc.CreateGCClusters:1]]
[2022.10.09-21.26.47:825][  0]LogConfig: Setting CVar [[gc.MinGCClusterSize:5]]
[2022.10.09-21.26.47:825][  0]LogConfig: Setting CVar [[gc.ActorClusteringEnabled:0]]
[2022.10.09-21.26.47:825][  0]LogConfig: Setting CVar [[gc.BlueprintClusteringEnabled:0]]
[2022.10.09-21.26.47:825][  0]LogConfig: Setting CVar [[gc.UseDisregardForGCOnDedicatedServers:0]]
[2022.10.09-21.26.47:825][  0]LogConfig: Setting CVar [[gc.MultithreadedDestructionEnabled:1]]
[2022.10.09-21.26.47:825][  0]LogConfig: Applying CVar settings from Section [/Script/Engine.NetworkSettings] File [../../../GraphDialogueSystem/Saved/Config/WindowsNoEditor/Engine.ini]
[2022.10.09-21.26.47:990][  0]LogConfig: Applying CVar settings from Section [ViewDistanceQuality@3] File [../../../GraphDialogueSystem/Saved/Config/WindowsNoEditor/Scalability.ini]
[2022.10.09-21.26.47:990][  0]LogConfig: Setting CVar [[r.SkeletalMeshLODBias:0]]
[2022.10.09-21.26.47:990][  0]LogConfig: Setting CVar [[r.ViewDistanceScale:1.0]]
[2022.10.09-21.26.47:990][  0]LogConfig: Applying CVar settings from Section [AntiAliasingQuality@3] File [../../../GraphDialogueSystem/Saved/Config/WindowsNoEditor/Scalability.ini]
[2022.10.09-21.26.47:990][  0]LogConfig: Setting CVar [[r.PostProcessAAQuality:4]]
[2022.10.09-21.26.47:990][  0]LogConfig: Applying CVar settings from Section [ShadowQuality@3] File [../../../GraphDialogueSystem/Saved/Config/WindowsNoEditor/Scalability.ini]
[2022.10.09-21.26.47:990][  0]LogConfig: Setting CVar [[r.LightFunctionQuality:1]]
[2022.10.09-21.26.47:990][  0]LogConfig: Setting CVar [[r.ShadowQuality:5]]
[2022.10.09-21.26.47:990][  0]LogConfig: Setting CVar [[r.Shadow.CSM.MaxCascades:10]]
[2022.10.09-21.26.47:990][  0]LogConfig: Setting CVar [[r.Shadow.MaxResolution:2048]]
[2022.10.09-21.26.47:990][  0]LogConfig: Setting CVar [[r.Shadow.MaxCSMResolution:2048]]
[2022.10.09-21.26.47:990][  0]LogConfig: Setting CVar [[r.Shadow.RadiusThreshold:0.01]]
[2022.10.09-21.26.47:990][  0]LogConfig: Setting CVar [[r.Shadow.DistanceScale:1.0]]
[2022.10.09-21.26.47:990][  0]LogConfig: Setting CVar [[r.Shadow.CSM.TransitionScale:1.0]]
[2022.10.09-21.26.47:990][  0]LogConfig: Setting CVar [[r.Shadow.PreShadowResolutionFactor:1.0]]
[2022.10.09-21.26.47:990][  0]LogConfig: Setting CVar [[r.DistanceFieldShadowing:1]]
[2022.10.09-21.26.47:990][  0]LogConfig: Setting CVar [[r.DistanceFieldAO:1]]
[2022.10.09-21.26.47:991][  0]LogConfig: Setting CVar [[r.AOQuality:2]]
[2022.10.09-21.26.47:991][  0]LogConfig: Setting CVar [[r.VolumetricFog:1]]
[2022.10.09-21.26.47:991][  0]LogConfig: Setting CVar [[r.VolumetricFog.GridPixelSize:8]]
[2022.10.09-21.26.47:991][  0]LogConfig: Setting CVar [[r.VolumetricFog.GridSizeZ:128]]
[2022.10.09-21.26.47:991][  0]LogConfig: Setting CVar [[r.VolumetricFog.HistoryMissSupersampleCount:4]]
[2022.10.09-21.26.47:991][  0]LogConfig: Setting CVar [[r.LightMaxDrawDistanceScale:1]]
[2022.10.09-21.26.47:991][  0]LogConfig: Setting CVar [[r.CapsuleShadows:1]]
[2022.10.09-21.26.47:991][  0]LogConfig: Applying CVar settings from Section [PostProcessQuality@3] File [../../../GraphDialogueSystem/Saved/Config/WindowsNoEditor/Scalability.ini]
[2022.10.09-21.26.47:991][  0]LogConfig: Setting CVar [[r.MotionBlurQuality:4]]
[2022.10.09-21.26.47:991][  0]LogConfig: Setting CVar [[r.AmbientOcclusionMipLevelFactor:0.4]]
[2022.10.09-21.26.47:991][  0]LogConfig: Setting CVar [[r.AmbientOcclusionMaxQuality:100]]
[2022.10.09-21.26.47:991][  0]LogConfig: Setting CVar [[r.AmbientOcclusionLevels:-1]]
[2022.10.09-21.26.47:991][  0]LogConfig: Setting CVar [[r.AmbientOcclusionRadiusScale:1.0]]
[2022.10.09-21.26.47:991][  0]LogConfig: Setting CVar [[r.DepthOfFieldQuality:2]]
[2022.10.09-21.26.47:991][  0]LogConfig: Setting CVar [[r.RenderTargetPoolMin:400]]
[2022.10.09-21.26.47:991][  0]LogConfig: Setting CVar [[r.LensFlareQuality:2]]
[2022.10.09-21.26.47:991][  0]LogConfig: Setting CVar [[r.SceneColorFringeQuality:1]]
[2022.10.09-21.26.47:991][  0]LogConfig: Setting CVar [[r.EyeAdaptationQuality:2]]
[2022.10.09-21.26.47:991][  0]LogConfig: Setting CVar [[r.BloomQuality:5]]
[2022.10.09-21.26.47:991][  0]LogConfig: Setting CVar [[r.FastBlurThreshold:100]]
[2022.10.09-21.26.47:991][  0]LogConfig: Setting CVar [[r.Upscale.Quality:3]]
[2022.10.09-21.26.47:991][  0]LogConfig: Setting CVar [[r.Tonemapper.GrainQuantization:1]]
[2022.10.09-21.26.47:991][  0]LogConfig: Setting CVar [[r.LightShaftQuality:1]]
[2022.10.09-21.26.47:991][  0]LogConfig: Setting CVar [[r.Filter.SizeScale:1]]
[2022.10.09-21.26.47:991][  0]LogConfig: Setting CVar [[r.Tonemapper.Quality:5]]
[2022.10.09-21.26.47:991][  0]LogConfig: Setting CVar [[r.DOF.Gather.AccumulatorQuality:1        ; higher gathering accumulator quality]]
[2022.10.09-21.26.47:991][  0]LogConfig: Setting CVar [[r.DOF.Gather.PostfilterMethod:1          ; Median3x3 postfilering method]]
[2022.10.09-21.26.47:991][  0]LogConfig: Setting CVar [[r.DOF.Gather.EnableBokehSettings:0       ; no bokeh simulation when gathering]]
[2022.10.09-21.26.47:991][  0]LogConfig: Setting CVar [[r.DOF.Gather.RingCount:4                 ; medium number of samples when gathering]]
[2022.10.09-21.26.47:991][  0]LogConfig: Setting CVar [[r.DOF.Scatter.ForegroundCompositing:1    ; additive foreground scattering]]
[2022.10.09-21.26.47:991][  0]LogConfig: Setting CVar [[r.DOF.Scatter.BackgroundCompositing:2    ; additive background scattering]]
[2022.10.09-21.26.47:991][  0]LogConfig: Setting CVar [[r.DOF.Scatter.EnableBokehSettings:1      ; bokeh simulation when scattering]]
[2022.10.09-21.26.47:991][  0]LogConfig: Setting CVar [[r.DOF.Scatter.MaxSpriteRatio:0.1         ; only a maximum of 10% of scattered bokeh]]
[2022.10.09-21.26.47:991][  0]LogConfig: Setting CVar [[r.DOF.Recombine.Quality:1                ; cheap slight out of focus]]
[2022.10.09-21.26.47:991][  0]LogConfig: Setting CVar [[r.DOF.Recombine.EnableBokehSettings:0    ; no bokeh simulation on slight out of focus]]
[2022.10.09-21.26.47:991][  0]LogConfig: Setting CVar [[r.DOF.TemporalAAQuality:1                ; more stable temporal accumulation]]
[2022.10.09-21.26.47:991][  0]LogConfig: Setting CVar [[r.DOF.Kernel.MaxForegroundRadius:0.025]]
[2022.10.09-21.26.47:991][  0]LogConfig: Setting CVar [[r.DOF.Kernel.MaxBackgroundRadius:0.025]]
[2022.10.09-21.26.47:991][  0]LogConfig: Applying CVar settings from Section [TextureQuality@3] File [../../../GraphDialogueSystem/Saved/Config/WindowsNoEditor/Scalability.ini]
[2022.10.09-21.26.47:991][  0]LogConfig: Setting CVar [[r.Streaming.MipBias:0]]
[2022.10.09-21.26.47:991][  0]LogConfig: Setting CVar [[r.Streaming.AmortizeCPUToGPUCopy:0]]
[2022.10.09-21.26.47:991][  0]LogConfig: Setting CVar [[r.Streaming.MaxNumTexturesToStreamPerFrame:0]]
[2022.10.09-21.26.47:991][  0]LogConfig: Setting CVar [[r.Streaming.Boost:1]]
[2022.10.09-21.26.47:991][  0]LogConfig: Setting CVar [[r.MaxAnisotropy:8]]
[2022.10.09-21.26.47:991][  0]LogConfig: Setting CVar [[r.VT.MaxAnisotropy:8]]
[2022.10.09-21.26.47:991][  0]LogConfig: Setting CVar [[r.Streaming.LimitPoolSizeToVRAM:0]]
[2022.10.09-21.26.47:991][  0]LogConfig: Setting CVar [[r.Streaming.PoolSize:1000]]
[2022.10.09-21.26.47:991][  0]LogConfig: Setting CVar [[r.Streaming.MaxEffectiveScreenSize:0]]
[2022.10.09-21.26.47:991][  0]LogConfig: Applying CVar settings from Section [EffectsQuality@3] File [../../../GraphDialogueSystem/Saved/Config/WindowsNoEditor/Scalability.ini]
[2022.10.09-21.26.47:991][  0]LogConfig: Setting CVar [[r.TranslucencyLightingVolumeDim:64]]
[2022.10.09-21.26.47:991][  0]LogConfig: Setting CVar [[r.RefractionQuality:2]]
[2022.10.09-21.26.47:991][  0]LogConfig: Setting CVar [[r.SSR.Quality:3]]
[2022.10.09-21.26.47:992][  0]LogConfig: Setting CVar [[r.SSR.HalfResSceneColor:0]]
[2022.10.09-21.26.47:992][  0]LogConfig: Setting CVar [[r.SceneColorFormat:4]]
[2022.10.09-21.26.47:992][  0]LogConfig: Setting CVar [[r.DetailMode:2]]
[2022.10.09-21.26.47:992][  0]LogConfig: Setting CVar [[r.TranslucencyVolumeBlur:1]]
[2022.10.09-21.26.47:992][  0]LogConfig: Setting CVar [[r.MaterialQualityLevel:1 ; High quality]]
[2022.10.09-21.26.47:992][  0]LogConfig: Setting CVar [[r.AnisotropicMaterials:1]]
[2022.10.09-21.26.47:992][  0]LogConfig: Setting CVar [[r.SSS.Scale:1]]
[2022.10.09-21.26.47:992][  0]LogConfig: Setting CVar [[r.SSS.SampleSet:2]]
[2022.10.09-21.26.47:992][  0]LogConfig: Setting CVar [[r.SSS.Quality:1]]
[2022.10.09-21.26.47:992][  0]LogConfig: Setting CVar [[r.SSS.HalfRes:0]]
[2022.10.09-21.26.47:992][  0]LogConfig: Setting CVar [[r.SSGI.Quality:3]]
[2022.10.09-21.26.47:992][  0]LogConfig: Setting CVar [[r.EmitterSpawnRateScale:1.0]]
[2022.10.09-21.26.47:992][  0]LogConfig: Setting CVar [[r.ParticleLightQuality:2]]
[2022.10.09-21.26.47:992][  0]LogConfig: Setting CVar [[r.SkyAtmosphere.AerialPerspectiveLUT.FastApplyOnOpaque:1 ; Always have FastSkyLUT 1 in this case to avoid wrong sky]]
[2022.10.09-21.26.47:992][  0]LogConfig: Setting CVar [[r.SkyAtmosphere.AerialPerspectiveLUT.SampleCountMaxPerSlice:4]]
[2022.10.09-21.26.47:992][  0]LogConfig: Setting CVar [[r.SkyAtmosphere.AerialPerspectiveLUT.DepthResolution:16.0]]
[2022.10.09-21.26.47:992][  0]LogConfig: Setting CVar [[r.SkyAtmosphere.FastSkyLUT:1]]
[2022.10.09-21.26.47:992][  0]LogConfig: Setting CVar [[r.SkyAtmosphere.FastSkyLUT.SampleCountMin:4.0]]
[2022.10.09-21.26.47:992][  0]LogConfig: Setting CVar [[r.SkyAtmosphere.FastSkyLUT.SampleCountMax:128.0]]
[2022.10.09-21.26.47:992][  0]LogConfig: Setting CVar [[r.SkyAtmosphere.SampleCountMin:4.0]]
[2022.10.09-21.26.47:992][  0]LogConfig: Setting CVar [[r.SkyAtmosphere.SampleCountMax:128.0]]
[2022.10.09-21.26.47:992][  0]LogConfig: Setting CVar [[r.SkyAtmosphere.TransmittanceLUT.UseSmallFormat:0]]
[2022.10.09-21.26.47:992][  0]LogConfig: Setting CVar [[r.SkyAtmosphere.TransmittanceLUT.SampleCount:10.0]]
[2022.10.09-21.26.47:992][  0]LogConfig: Setting CVar [[r.SkyAtmosphere.MultiScatteringLUT.SampleCount:15.0]]
[2022.10.09-21.26.47:992][  0]LogConfig: Setting CVar [[r.SkyLight.RealTimeReflectionCapture:1]]
[2022.10.09-21.26.47:992][  0]LogConfig: Setting CVar [[fx.Niagara.QualityLevel:3]]
[2022.10.09-21.26.47:992][  0]LogConfig: Applying CVar settings from Section [FoliageQuality@3] File [../../../GraphDialogueSystem/Saved/Config/WindowsNoEditor/Scalability.ini]
[2022.10.09-21.26.47:992][  0]LogConfig: Setting CVar [[foliage.DensityScale:1.0]]
[2022.10.09-21.26.47:992][  0]LogConfig: Setting CVar [[grass.DensityScale:1.0]]
[2022.10.09-21.26.47:992][  0]LogConfig: Applying CVar settings from Section [ShadingQuality@3] File [../../../GraphDialogueSystem/Saved/Config/WindowsNoEditor/Scalability.ini]
[2022.10.09-21.26.47:992][  0]LogConfig: Setting CVar [[r.HairStrands.SkyLighting.IntegrationType:2]]
[2022.10.09-21.26.47:992][  0]LogConfig: Setting CVar [[r.HairStrands.SkyAO.SampleCount:4]]
[2022.10.09-21.26.47:992][  0]LogConfig: Setting CVar [[r.HairStrands.Visibility.MSAA.SamplePerPixel:4]]
[2022.10.09-21.26.47:992][  0]LogInit: Selected Device Profile: [WindowsNoEditor]
[2022.10.09-21.26.47:992][  0]LogInit: Applying CVar settings loaded from the selected device profile: [WindowsNoEditor]
[2022.10.09-21.26.47:992][  0]LogHAL: Display: Platform has ~ 32 GB [34282770432 / 34359738368 / 32], which maps to Largest [LargestMinGB=32, LargerMinGB=12, DefaultMinGB=8, SmallerMinGB=6, SmallestMinGB=0)
[2022.10.09-21.26.47:992][  0]LogInit: Going up to parent DeviceProfile [Windows]
[2022.10.09-21.26.47:992][  0]LogInit: Going up to parent DeviceProfile []
[2022.10.09-21.26.47:992][  0]LogConfig: Applying CVar settings from Section [ViewDistanceQuality@3] File [../../../GraphDialogueSystem/Saved/Config/WindowsNoEditor/Scalability.ini]
[2022.10.09-21.26.47:992][  0]LogConfig: Setting CVar [[r.SkeletalMeshLODBias:0]]
[2022.10.09-21.26.47:992][  0]LogConfig: Setting CVar [[r.ViewDistanceScale:1.0]]
[2022.10.09-21.26.47:992][  0]LogConfig: Applying CVar settings from Section [AntiAliasingQuality@3] File [../../../GraphDialogueSystem/Saved/Config/WindowsNoEditor/Scalability.ini]
[2022.10.09-21.26.47:992][  0]LogConfig: Setting CVar [[r.PostProcessAAQuality:4]]
[2022.10.09-21.26.47:992][  0]LogConfig: Applying CVar settings from Section [ShadowQuality@3] File [../../../GraphDialogueSystem/Saved/Config/WindowsNoEditor/Scalability.ini]
[2022.10.09-21.26.47:992][  0]LogConfig: Setting CVar [[r.LightFunctionQuality:1]]
[2022.10.09-21.26.47:992][  0]LogConfig: Setting CVar [[r.ShadowQuality:5]]
[2022.10.09-21.26.47:992][  0]LogConfig: Setting CVar [[r.Shadow.CSM.MaxCascades:10]]
[2022.10.09-21.26.47:992][  0]LogConfig: Setting CVar [[r.Shadow.MaxResolution:2048]]
[2022.10.09-21.26.47:992][  0]LogConfig: Setting CVar [[r.Shadow.MaxCSMResolution:2048]]
[2022.10.09-21.26.47:992][  0]LogConfig: Setting CVar [[r.Shadow.RadiusThreshold:0.01]]
[2022.10.09-21.26.47:992][  0]LogConfig: Setting CVar [[r.Shadow.DistanceScale:1.0]]
[2022.10.09-21.26.47:992][  0]LogConfig: Setting CVar [[r.Shadow.CSM.TransitionScale:1.0]]
[2022.10.09-21.26.47:992][  0]LogConfig: Setting CVar [[r.Shadow.PreShadowResolutionFactor:1.0]]
[2022.10.09-21.26.47:992][  0]LogConfig: Setting CVar [[r.DistanceFieldShadowing:1]]
[2022.10.09-21.26.47:992][  0]LogConfig: Setting CVar [[r.DistanceFieldAO:1]]
[2022.10.09-21.26.47:992][  0]LogConfig: Setting CVar [[r.AOQuality:2]]
[2022.10.09-21.26.47:992][  0]LogConfig: Setting CVar [[r.VolumetricFog:1]]
[2022.10.09-21.26.47:992][  0]LogConfig: Setting CVar [[r.VolumetricFog.GridPixelSize:8]]
[2022.10.09-21.26.47:992][  0]LogConfig: Setting CVar [[r.VolumetricFog.GridSizeZ:128]]
[2022.10.09-21.26.47:992][  0]LogConfig: Setting CVar [[r.VolumetricFog.HistoryMissSupersampleCount:4]]
[2022.10.09-21.26.47:992][  0]LogConfig: Setting CVar [[r.LightMaxDrawDistanceScale:1]]
[2022.10.09-21.26.47:992][  0]LogConfig: Setting CVar [[r.CapsuleShadows:1]]
[2022.10.09-21.26.47:993][  0]LogConfig: Applying CVar settings from Section [PostProcessQuality@3] File [../../../GraphDialogueSystem/Saved/Config/WindowsNoEditor/Scalability.ini]
[2022.10.09-21.26.47:993][  0]LogConfig: Setting CVar [[r.MotionBlurQuality:4]]
[2022.10.09-21.26.47:993][  0]LogConfig: Setting CVar [[r.AmbientOcclusionMipLevelFactor:0.4]]
[2022.10.09-21.26.47:993][  0]LogConfig: Setting CVar [[r.AmbientOcclusionMaxQuality:100]]
[2022.10.09-21.26.47:993][  0]LogConfig: Setting CVar [[r.AmbientOcclusionLevels:-1]]
[2022.10.09-21.26.47:993][  0]LogConfig: Setting CVar [[r.AmbientOcclusionRadiusScale:1.0]]
[2022.10.09-21.26.47:993][  0]LogConfig: Setting CVar [[r.DepthOfFieldQuality:2]]
[2022.10.09-21.26.47:993][  0]LogConfig: Setting CVar [[r.RenderTargetPoolMin:400]]
[2022.10.09-21.26.47:993][  0]LogConfig: Setting CVar [[r.LensFlareQuality:2]]
[2022.10.09-21.26.47:993][  0]LogConfig: Setting CVar [[r.SceneColorFringeQuality:1]]
[2022.10.09-21.26.47:993][  0]LogConfig: Setting CVar [[r.EyeAdaptationQuality:2]]
[2022.10.09-21.26.47:993][  0]LogConfig: Setting CVar [[r.BloomQuality:5]]
[2022.10.09-21.26.47:993][  0]LogConfig: Setting CVar [[r.FastBlurThreshold:100]]
[2022.10.09-21.26.47:993][  0]LogConfig: Setting CVar [[r.Upscale.Quality:3]]
[2022.10.09-21.26.47:993][  0]LogConfig: Setting CVar [[r.Tonemapper.GrainQuantization:1]]
[2022.10.09-21.26.47:993][  0]LogConfig: Setting CVar [[r.LightShaftQuality:1]]
[2022.10.09-21.26.47:993][  0]LogConfig: Setting CVar [[r.Filter.SizeScale:1]]
[2022.10.09-21.26.47:993][  0]LogConfig: Setting CVar [[r.Tonemapper.Quality:5]]
[2022.10.09-21.26.47:993][  0]LogConfig: Setting CVar [[r.DOF.Gather.AccumulatorQuality:1        ; higher gathering accumulator quality]]
[2022.10.09-21.26.47:993][  0]LogConfig: Setting CVar [[r.DOF.Gather.PostfilterMethod:1          ; Median3x3 postfilering method]]
[2022.10.09-21.26.47:993][  0]LogConfig: Setting CVar [[r.DOF.Gather.EnableBokehSettings:0       ; no bokeh simulation when gathering]]
[2022.10.09-21.26.47:993][  0]LogConfig: Setting CVar [[r.DOF.Gather.RingCount:4                 ; medium number of samples when gathering]]
[2022.10.09-21.26.47:993][  0]LogConfig: Setting CVar [[r.DOF.Scatter.ForegroundCompositing:1    ; additive foreground scattering]]
[2022.10.09-21.26.47:993][  0]LogConfig: Setting CVar [[r.DOF.Scatter.BackgroundCompositing:2    ; additive background scattering]]
[2022.10.09-21.26.47:993][  0]LogConfig: Setting CVar [[r.DOF.Scatter.EnableBokehSettings:1      ; bokeh simulation when scattering]]
[2022.10.09-21.26.47:993][  0]LogConfig: Setting CVar [[r.DOF.Scatter.MaxSpriteRatio:0.1         ; only a maximum of 10% of scattered bokeh]]
[2022.10.09-21.26.47:993][  0]LogConfig: Setting CVar [[r.DOF.Recombine.Quality:1                ; cheap slight out of focus]]
[2022.10.09-21.26.47:993][  0]LogConfig: Setting CVar [[r.DOF.Recombine.EnableBokehSettings:0    ; no bokeh simulation on slight out of focus]]
[2022.10.09-21.26.47:993][  0]LogConfig: Setting CVar [[r.DOF.TemporalAAQuality:1                ; more stable temporal accumulation]]
[2022.10.09-21.26.47:993][  0]LogConfig: Setting CVar [[r.DOF.Kernel.MaxForegroundRadius:0.025]]
[2022.10.09-21.26.47:993][  0]LogConfig: Setting CVar [[r.DOF.Kernel.MaxBackgroundRadius:0.025]]
[2022.10.09-21.26.47:993][  0]LogConfig: Applying CVar settings from Section [TextureQuality@3] File [../../../GraphDialogueSystem/Saved/Config/WindowsNoEditor/Scalability.ini]
[2022.10.09-21.26.47:993][  0]LogConfig: Setting CVar [[r.Streaming.MipBias:0]]
[2022.10.09-21.26.47:993][  0]LogConfig: Setting CVar [[r.Streaming.AmortizeCPUToGPUCopy:0]]
[2022.10.09-21.26.47:993][  0]LogConfig: Setting CVar [[r.Streaming.MaxNumTexturesToStreamPerFrame:0]]
[2022.10.09-21.26.47:993][  0]LogConfig: Setting CVar [[r.Streaming.Boost:1]]
[2022.10.09-21.26.47:993][  0]LogConfig: Setting CVar [[r.MaxAnisotropy:8]]
[2022.10.09-21.26.47:993][  0]LogConfig: Setting CVar [[r.VT.MaxAnisotropy:8]]
[2022.10.09-21.26.47:993][  0]LogConfig: Setting CVar [[r.Streaming.LimitPoolSizeToVRAM:0]]
[2022.10.09-21.26.47:993][  0]LogConfig: Setting CVar [[r.Streaming.PoolSize:1000]]
[2022.10.09-21.26.47:993][  0]LogConfig: Setting CVar [[r.Streaming.MaxEffectiveScreenSize:0]]
[2022.10.09-21.26.47:993][  0]LogConfig: Applying CVar settings from Section [EffectsQuality@3] File [../../../GraphDialogueSystem/Saved/Config/WindowsNoEditor/Scalability.ini]
[2022.10.09-21.26.47:993][  0]LogConfig: Setting CVar [[r.TranslucencyLightingVolumeDim:64]]
[2022.10.09-21.26.47:993][  0]LogConfig: Setting CVar [[r.RefractionQuality:2]]
[2022.10.09-21.26.47:993][  0]LogConfig: Setting CVar [[r.SSR.Quality:3]]
[2022.10.09-21.26.47:993][  0]LogConfig: Setting CVar [[r.SSR.HalfResSceneColor:0]]
[2022.10.09-21.26.47:993][  0]LogConfig: Setting CVar [[r.SceneColorFormat:4]]
[2022.10.09-21.26.47:993][  0]LogConfig: Setting CVar [[r.DetailMode:2]]
[2022.10.09-21.26.47:993][  0]LogConfig: Setting CVar [[r.TranslucencyVolumeBlur:1]]
[2022.10.09-21.26.47:993][  0]LogConfig: Setting CVar [[r.MaterialQualityLevel:1 ; High quality]]
[2022.10.09-21.26.47:993][  0]LogConfig: Setting CVar [[r.AnisotropicMaterials:1]]
[2022.10.09-21.26.47:993][  0]LogConfig: Setting CVar [[r.SSS.Scale:1]]
[2022.10.09-21.26.47:993][  0]LogConfig: Setting CVar [[r.SSS.SampleSet:2]]
[2022.10.09-21.26.47:993][  0]LogConfig: Setting CVar [[r.SSS.Quality:1]]
[2022.10.09-21.26.47:993][  0]LogConfig: Setting CVar [[r.SSS.HalfRes:0]]
[2022.10.09-21.26.47:993][  0]LogConfig: Setting CVar [[r.SSGI.Quality:3]]
[2022.10.09-21.26.47:993][  0]LogConfig: Setting CVar [[r.EmitterSpawnRateScale:1.0]]
[2022.10.09-21.26.47:993][  0]LogConfig: Setting CVar [[r.ParticleLightQuality:2]]
[2022.10.09-21.26.47:993][  0]LogConfig: Setting CVar [[r.SkyAtmosphere.AerialPerspectiveLUT.FastApplyOnOpaque:1 ; Always have FastSkyLUT 1 in this case to avoid wrong sky]]
[2022.10.09-21.26.47:993][  0]LogConfig: Setting CVar [[r.SkyAtmosphere.AerialPerspectiveLUT.SampleCountMaxPerSlice:4]]
[2022.10.09-21.26.47:993][  0]LogConfig: Setting CVar [[r.SkyAtmosphere.AerialPerspectiveLUT.DepthResolution:16.0]]
[2022.10.09-21.26.47:993][  0]LogConfig: Setting CVar [[r.SkyAtmosphere.FastSkyLUT:1]]
[2022.10.09-21.26.47:993][  0]LogConfig: Setting CVar [[r.SkyAtmosphere.FastSkyLUT.SampleCountMin:4.0]]
[2022.10.09-21.26.47:993][  0]LogConfig: Setting CVar [[r.SkyAtmosphere.FastSkyLUT.SampleCountMax:128.0]]
[2022.10.09-21.26.47:993][  0]LogConfig: Setting CVar [[r.SkyAtmosphere.SampleCountMin:4.0]]
[2022.10.09-21.26.47:993][  0]LogConfig: Setting CVar [[r.SkyAtmosphere.SampleCountMax:128.0]]
[2022.10.09-21.26.47:993][  0]LogConfig: Setting CVar [[r.SkyAtmosphere.TransmittanceLUT.UseSmallFormat:0]]
[2022.10.09-21.26.47:993][  0]LogConfig: Setting CVar [[r.SkyAtmosphere.TransmittanceLUT.SampleCount:10.0]]
[2022.10.09-21.26.47:993][  0]LogConfig: Setting CVar [[r.SkyAtmosphere.MultiScatteringLUT.SampleCount:15.0]]
[2022.10.09-21.26.47:993][  0]LogConfig: Setting CVar [[r.SkyLight.RealTimeReflectionCapture:1]]
[2022.10.09-21.26.47:993][  0]LogConfig: Setting CVar [[fx.Niagara.QualityLevel:3]]
[2022.10.09-21.26.47:993][  0]LogConfig: Applying CVar settings from Section [FoliageQuality@3] File [../../../GraphDialogueSystem/Saved/Config/WindowsNoEditor/Scalability.ini]
[2022.10.09-21.26.47:993][  0]LogConfig: Setting CVar [[foliage.DensityScale:1.0]]
[2022.10.09-21.26.47:993][  0]LogConfig: Setting CVar [[grass.DensityScale:1.0]]
[2022.10.09-21.26.47:993][  0]LogConfig: Applying CVar settings from Section [ShadingQuality@3] File [../../../GraphDialogueSystem/Saved/Config/WindowsNoEditor/Scalability.ini]
[2022.10.09-21.26.47:993][  0]LogConfig: Setting CVar [[r.HairStrands.SkyLighting.IntegrationType:2]]
[2022.10.09-21.26.47:993][  0]LogConfig: Setting CVar [[r.HairStrands.SkyAO.SampleCount:4]]
[2022.10.09-21.26.47:993][  0]LogConfig: Setting CVar [[r.HairStrands.Visibility.MSAA.SamplePerPixel:4]]
[2022.10.09-21.26.47:993][  0]LogConfig: Applying CVar settings from Section [Startup] File [../../../Engine/Config/ConsoleVariables.ini]
[2022.10.09-21.26.47:994][  0]LogConfig: Setting CVar [[net.UseAdaptiveNetUpdateFrequency:0]]
[2022.10.09-21.26.47:994][  0]LogConfig: Setting CVar [[p.chaos.AllowCreatePhysxBodies:1]]
[2022.10.09-21.26.47:994][  0]LogConfig: Setting CVar [[fx.SkipVectorVMBackendOptimizations:1]]
[2022.10.09-21.26.47:994][  0]LogConfig: Applying CVar settings from Section [ConsoleVariables] File [../../../GraphDialogueSystem/Saved/Config/WindowsNoEditor/Engine.ini]
[2022.10.09-21.26.47:994][  0]LogInit: Computer: DESKTOP-6GNVF69
[2022.10.09-21.26.47:994][  0]LogInit: User: Gerlogu
[2022.10.09-21.26.47:994][  0]LogInit: CPU Page size=4096, Cores=8
[2022.10.09-21.26.47:994][  0]LogInit: High frequency timer resolution =10.000000 MHz
[2022.10.09-21.26.47:994][  0]LogMemory: Memory total: Physical=31.9GB (32GB approx)
[2022.10.09-21.26.47:994][  0]LogMemory: Platform Memory Stats for WindowsNoEditor
[2022.10.09-21.26.47:994][  0]LogMemory: Process Physical Memory: 84.31 MB used, 85.90 MB peak
[2022.10.09-21.26.47:994][  0]LogMemory: Process Virtual Memory: 84.82 MB used, 84.82 MB peak
[2022.10.09-21.26.47:994][  0]LogMemory: Physical Memory: 30424.20 MB used,  2270.40 MB free, 32694.60 MB total
[2022.10.09-21.26.47:994][  0]LogMemory: Virtual Memory: 134210056.00 MB used,  7672.64 MB free, 134217728.00 MB total
[2022.10.09-21.26.48:007][  0]LogWindows: WindowsPlatformFeatures enabled
[2022.10.09-21.26.48:082][  0]LogInit: Physics initialised using underlying interface: PhysX
[2022.10.09-21.26.48:082][  0]LogInit: Using OS detected language (es-ES).
[2022.10.09-21.26.48:082][  0]LogInit: Using OS detected locale (es-ES).
[2022.10.09-21.26.48:083][  0]LogTextLocalizationManager: No localization for 'es-ES' exists, so 'en' will be used for the language.
[2022.10.09-21.26.48:083][  0]LogTextLocalizationManager: No localization for 'es-ES' exists, so 'en' will be used for the locale.
[2022.10.09-21.26.48:119][  0]LogWindowsTextInputMethodSystem: Display: IME system deactivated.
[2022.10.09-21.26.48:322][  0]LogSlate: New Slate User Created.  User Index 0, Is Virtual User: 0
[2022.10.09-21.26.48:322][  0]LogSlate: Slate User Registered.  User Index 0, Is Virtual User: 0
[2022.10.09-21.26.48:528][  0]LogD3D11RHI: Loaded GFSDK_Aftermath_Lib.x64.dll
[2022.10.09-21.26.48:538][  0]LogHMD: Failed to initialize OpenVR with code 101
[2022.10.09-21.26.48:538][  0]LogD3D11RHI: D3D11 min allowed feature level: 11_0
[2022.10.09-21.26.48:538][  0]LogD3D11RHI: D3D11 max allowed feature level: 11_0
[2022.10.09-21.26.48:538][  0]LogD3D11RHI: D3D11 adapters:
[2022.10.09-21.26.48:703][  0]LogD3D11RHI:    0. 'NVIDIA GeForce GTX 1080' (Feature Level 11_0)
[2022.10.09-21.26.48:703][  0]LogD3D11RHI:       8079/0/16347 MB DedicatedVideo/DedicatedSystem/SharedSystem, Outputs:2, VendorId:0x10de
[2022.10.09-21.26.48:707][  0]LogD3D11RHI:    1. 'Microsoft Basic Render Driver' (Feature Level 11_0)
[2022.10.09-21.26.48:707][  0]LogD3D11RHI:       0/0/16347 MB DedicatedVideo/DedicatedSystem/SharedSystem, Outputs:0, VendorId:0x1414
[2022.10.09-21.26.48:707][  0]LogD3D11RHI: Chosen D3D11 Adapter:
[2022.10.09-21.26.48:707][  0]LogD3D11RHI:     Description : NVIDIA GeForce GTX 1080
[2022.10.09-21.26.48:707][  0]LogD3D11RHI:     VendorId    : 10de
[2022.10.09-21.26.48:707][  0]LogD3D11RHI:     DeviceId    : 1b80
[2022.10.09-21.26.48:707][  0]LogD3D11RHI:     SubSysId    : 85921043
[2022.10.09-21.26.48:707][  0]LogD3D11RHI:     Revision    : 00a1
[2022.10.09-21.26.48:707][  0]LogD3D11RHI:     DedicatedVideoMemory : 8471445504 bytes
[2022.10.09-21.26.48:707][  0]LogD3D11RHI:     DedicatedSystemMemory : 0 bytes
[2022.10.09-21.26.48:707][  0]LogD3D11RHI:     SharedSystemMemory : 17141385216 bytes
[2022.10.09-21.26.48:707][  0]LogD3D11RHI:     AdapterLuid : 0 68002
[2022.10.09-21.26.48:723][  0]LogD3D11RHI: Creating new Direct3DDevice
[2022.10.09-21.26.48:723][  0]LogD3D11RHI:     GPU DeviceId: 0x1b80 (for the marketing name, search the web for "GPU Device Id")
[2022.10.09-21.26.48:723][  0]LogWindows: EnumDisplayDevices:
[2022.10.09-21.26.48:724][  0]LogWindows:    0. 'NVIDIA GeForce GTX 1080' (P:1 D:1)
[2022.10.09-21.26.48:724][  0]LogWindows:    1. 'NVIDIA GeForce GTX 1080' (P:0 D:1)
[2022.10.09-21.26.48:725][  0]LogWindows:    2. 'NVIDIA GeForce GTX 1080' (P:0 D:0)
[2022.10.09-21.26.48:725][  0]LogWindows:    3. 'NVIDIA GeForce GTX 1080' (P:0 D:0)
[2022.10.09-21.26.48:726][  0]LogWindows: DebugString: FoundDriverCount:4 
[2022.10.09-21.26.48:726][  0]LogD3D11RHI:     Adapter Name: NVIDIA GeForce GTX 1080
[2022.10.09-21.26.48:726][  0]LogD3D11RHI:   Driver Version: 516.94 (internal:31.0.15.1694, unified:516.94)
[2022.10.09-21.26.48:726][  0]LogD3D11RHI:      Driver Date: 7-21-2022
[2022.10.09-21.26.48:726][  0]LogRHI: Texture pool is 5655 MB (70% of 8079 MB)
[2022.10.09-21.26.48:726][  0]LogD3D11RHI: Creating D3DDevice using adapter:
[2022.10.09-21.26.48:726][  0]LogD3D11RHI:     Description : NVIDIA GeForce GTX 1080
[2022.10.09-21.26.48:726][  0]LogD3D11RHI:     VendorId    : 10de
[2022.10.09-21.26.48:726][  0]LogD3D11RHI:     DeviceId    : 1b80
[2022.10.09-21.26.48:726][  0]LogD3D11RHI:     SubSysId    : 85921043
[2022.10.09-21.26.48:726][  0]LogD3D11RHI:     Revision    : 00a1
[2022.10.09-21.26.48:726][  0]LogD3D11RHI:     DedicatedVideoMemory : 8471445504 bytes
[2022.10.09-21.26.48:726][  0]LogD3D11RHI:     DedicatedSystemMemory : 0 bytes
[2022.10.09-21.26.48:726][  0]LogD3D11RHI:     SharedSystemMemory : 17141385216 bytes
[2022.10.09-21.26.48:726][  0]LogD3D11RHI:     AdapterLuid : 0 68002
[2022.10.09-21.26.48:865][  0]LogD3D11RHI: RHI has support for 64 bit atomics
[2022.10.09-21.26.48:865][  0]LogD3D11RHI: Async texture creation enabled
[2022.10.09-21.26.48:865][  0]LogD3D11RHI: Array index from any shader is supported
[2022.10.09-21.26.48:881][  0]LogD3D11RHI: HDR output is supported on display 0 (NvId: 0x80061086).
[2022.10.09-21.26.48:916][  0]LogD3D11RHI: GPU Timing Frequency: 1000.000000 (Debug: 2 1)
[2022.10.09-21.26.48:946][  0]LogRHI: GeForceNow SDK initialized: 1
[2022.10.09-21.26.48:946][  0]LogRendererCore: Ray tracing is disabled. Reason: r.RayTracing=0.
[2022.10.09-21.26.48:956][  0]LogShaderLibrary: Display: Using ../../../GraphDialogueSystem/Content/ShaderArchive-Global-PCD3D_SM5.ushaderbytecode for material shader code. Total 1951 unique shaders.
[2022.10.09-21.26.48:956][  0]LogShaderLibrary: Display: Cooked Context: Using Shared Shader Library Global
[2022.10.09-21.26.48:956][  0]LogShaderLibrary: Display: Logical shader library 'Global' has been created, components 1
[2022.10.09-21.26.48:957][  0]LogTemp: Warning: Clearing the OS Cache
[2022.10.09-21.26.48:957][  0]LogODSC: ODSC Thread active.
[2022.10.09-21.26.48:962][  0]LogPakFile: New pak file ../../../GraphDialogueSystem/Content/Paks/GraphDialogueSystem-WindowsNoEditor.pak added to pak precacher.
[2022.10.09-21.26.49:006][  0]LogSlate: Using FreeType 2.10.0
[2022.10.09-21.26.49:007][  0]LogSlate: SlateFontServices - WITH_FREETYPE: 1, WITH_HARFBUZZ: 1
[2022.10.09-21.26.49:572][  0]LogShaderLibrary: Display: Using ../../../GraphDialogueSystem/Content/ShaderArchive-GraphDialogueSystem-PCD3D_SM5.ushaderbytecode for material shader code. Total 1600 unique shaders.
[2022.10.09-21.26.49:572][  0]LogShaderLibrary: Display: Cooked Context: Using Shared Shader Library GraphDialogueSystem
[2022.10.09-21.26.49:572][  0]LogShaderLibrary: Display: Logical shader library 'GraphDialogueSystem' has been created, components 1
[2022.10.09-21.26.49:574][  0]LogRHI: Display: Opened pipeline cache after state change and enqueued 0 of 0 tasks for precompile.
[2022.10.09-21.26.49:589][  0]LogShaderLibrary: Display: Using ../../../GraphDialogueSystem/Content/ShaderArchive-GraphDialogueSystem-PCD3D_SM5.ushaderbytecode for material shader code. Total 1600 unique shaders.
[2022.10.09-21.26.49:589][  0]LogShaderLibrary: Display: Cooked Context: Using Shared Shader Library GraphDialogueSystem
[2022.10.09-21.26.49:615][  0]LogRHI: Display: Opened pipeline cache after state change and enqueued 0 of 0 tasks for precompile.
[2022.10.09-21.26.49:615][  0]LogRHI: Display: Failed to open default shader pipeline cache for GraphDialogueSystem using shader platform 0.
[2022.10.09-21.26.49:615][  0]LogRHI: Display: Failed to open default shader pipeline cache for GraphDialogueSystem using shader platform 0.
[2022.10.09-21.26.49:615][  0]LogInit: Using OS detected language (es-ES).
[2022.10.09-21.26.49:615][  0]LogInit: Using OS detected locale (es-ES).
[2022.10.09-21.26.49:615][  0]LogTextLocalizationManager: No localization for 'es-ES' exists, so 'en' will be used for the language.
[2022.10.09-21.26.49:615][  0]LogTextLocalizationManager: No localization for 'es-ES' exists, so 'en' will be used for the locale.
[2022.10.09-21.26.49:758][  0]LogTextLocalizationManager: Compacting localization data took  83.96ms
[2022.10.09-21.26.49:758][  0]LogAssetRegistry: FAssetRegistry took 0.0268 seconds to start up
[2022.10.09-21.26.50:963][  0]LogStreaming: Display: FlushAsyncLoading: 1 QueuedPackages, 0 AsyncPackages
[2022.10.09-21.26.51:089][  0]LogPackageLocalizationCache: Processed 26 localized package path(s) for 1 prioritized culture(s) in 0.004239 seconds
[2022.10.09-21.26.51:161][  0]LogSerialization: Display: AllowBulkDataInIoStore: 'true'
[2022.10.09-21.26.51:171][  0]LogInit: Selected Device Profile: [WindowsNoEditor]
[2022.10.09-21.26.51:189][  0]LogInit: Active device profile: [0000028FE5231540][0000028FD6E8DB70 49] WindowsNoEditor
[2022.10.09-21.26.51:189][  0]LogInit: Profiles: [0000028FE5231840][0000028FE46D6DC0 49] Windows, [0000028FE5231540][0000028FD6E8DB70 49] WindowsNoEditor, 
[2022.10.09-21.26.51:690][  0]LogNetVersion: GraphDialogueSystem 1.0.0, NetCL: 17155196, EngineNetVer: 17, GameNetVer: 0 (Checksum: 787623889)
[2022.10.09-21.26.52:847][  0]LogAudioCaptureCore: Display: No Audio Capture implementations found. Audio input will be silent.
[2022.10.09-21.26.52:847][  0]LogAudioCaptureCore: Display: No Audio Capture implementations found. Audio input will be silent.
[2022.10.09-21.26.52:860][  0]LogHMD: PokeAHoleMaterial loaded successfully
[2022.10.09-21.26.53:514][  0]LogMoviePlayer: Initializing movie player
[2022.10.09-21.26.53:589][  0]LogNiagaraDebuggerClient: Niagara Debugger Client Initialized | Session: 888CFE9E4C43853D27A364888A35804B | Instance: DF47774C4E59FC411EF77F84B16DA04D (DESKTOP-6GNVF69-12452).
[2022.10.09-21.26.53:866][  0]LogAndroidPermission: UAndroidPermissionCallbackProxy::GetInstance
[2022.10.09-21.26.53:874][  0]LogOcInput: OculusInput pre-init called
[2022.10.09-21.26.53:911][  0]LogUObjectArray: 15771 objects as part of root set at end of initial load.
[2022.10.09-21.26.53:911][  0]LogUObjectArray: 2 objects are not in the root set, but can never be destroyed because they are in the DisregardForGC set.
[2022.10.09-21.26.53:911][  0]LogUObjectAllocator: 3198280 out of 0 bytes used by permanent object pool.
[2022.10.09-21.26.53:911][  0]LogUObjectArray: CloseDisregardForGC: 15771/15771 objects in disregard for GC pool
[2022.10.09-21.26.53:939][  0]LogEngine: Initializing Engine...
[2022.10.09-21.26.54:208][  0]LogHMD: Optional extension XR_VARJO_quad_views is not available
[2022.10.09-21.26.54:230][  0]LogHMD: Warning: Required extension XR_EXT_hand_tracking is not available
[2022.10.09-21.26.54:230][  0]LogHMD: Could not enable all required OpenXR extensions for OpenXRHandTracking on current system. This plugin will be loaded but ignored, but will be enabled on a target platform that supports the required extension.
[2022.10.09-21.26.54:230][  0]LogHMD: Warning: Required extension XR_EXT_eye_gaze_interaction is not available
[2022.10.09-21.26.54:231][  0]LogHMD: Could not enable all required OpenXR extensions for OpenXREyeTracker on current system. This plugin will be loaded but ignored, but will be enabled on a target platform that supports the required extension.
[2022.10.09-21.26.54:269][  0]LogHMD: Failed to get an OpenXR system, result is XR_ERROR_FORM_FACTOR_UNAVAILABLE. Please check that your runtime supports VR headsets.
[2022.10.09-21.26.54:271][  0]LogHMD: Failed to initialize OpenVR with code 101
[2022.10.09-21.26.54:314][  0]LogStats: UGameplayTagsManager::InitializeManager -  0.007 s
[2022.10.09-21.26.54:629][  0]LogInit: Initializing FReadOnlyCVARCache
[2022.10.09-21.26.54:629][  0]LogAudio: Display: Initializing Audio Device Manager...
[2022.10.09-21.26.54:630][  0]LogAudio: Display: Loading Default Audio Settings Objects...
[2022.10.09-21.26.54:633][  0]LogAudio: Display: No default SoundConcurrencyObject specified (or failed to load).
[2022.10.09-21.26.54:634][  0]LogAudio: Display: Audio Device Manager Initialized
[2022.10.09-21.26.54:634][  0]LogAudio: Display: Creating Audio Device:                 Id: 1, Scope: Shared, Realtime: True
[2022.10.09-21.26.54:640][  0]LogAudioMixer: Display: Audio Mixer Platform Settings:
[2022.10.09-21.26.54:640][  0]LogAudioMixer: Display: 	Sample Rate:						  48000
[2022.10.09-21.26.54:640][  0]LogAudioMixer: Display: 	Callback Buffer Frame Size Requested: 1024
[2022.10.09-21.26.54:640][  0]LogAudioMixer: Display: 	Callback Buffer Frame Size To Use:	  1024
[2022.10.09-21.26.54:640][  0]LogAudioMixer: Display: 	Number of buffers to queue:			  2
[2022.10.09-21.26.54:640][  0]LogAudioMixer: Display: 	Max Channels (voices):				  32
[2022.10.09-21.26.54:640][  0]LogAudioMixer: Display: 	Number of Async Source Workers:		  0
[2022.10.09-21.26.54:640][  0]LogAudio: Display: AudioDevice MaxSources: 32
[2022.10.09-21.26.54:650][  0]LogAudio: Display: Audio Spatialization Plugin: None (built-in).
[2022.10.09-21.26.54:650][  0]LogAudio: Display: Audio Reverb Plugin: None (built-in).
[2022.10.09-21.26.54:653][  0]LogAudio: Display: Audio Occlusion Plugin: None (built-in).
[2022.10.09-21.26.54:653][  0]LogAudioMixer: Display: Initializing audio mixer.
[2022.10.09-21.26.54:882][  0]LogAudioDebug: Display: Lib vorbis DLL was dynamically loaded.
[2022.10.09-21.26.54:935][  0]LogAudioMixer: Display: 0: FrontLeft
[2022.10.09-21.26.54:935][  0]LogAudioMixer: Display: 1: FrontRight
[2022.10.09-21.26.54:973][  0]LogAudioMixer: Display: Using Audio Device CABLE-A Input (VB-Audio Cable A)
[2022.10.09-21.26.55:048][  0]LogAudioMixer: Display: Initializing Sound Submixes...
[2022.10.09-21.26.55:058][  0]LogAudioMixer: Display: Creating Master Submix 'MasterSubmixDefault'
[2022.10.09-21.26.55:058][  0]LogAudioMixer: Display: Creating Master Submix 'MasterReverbSubmixDefault'
[2022.10.09-21.26.55:062][  0]LogAudioMixer: Display: Creating Master Submix 'MasterEQSubmixDefault'
[2022.10.09-21.26.55:067][  0]LogAudioMixer: FMixerPlatformXAudio2::StartAudioStream() called
[2022.10.09-21.26.55:067][  0]LogAudioMixer: Display: Output buffers initialized: Frames=1024, Channels=2, Samples=2048
[2022.10.09-21.26.55:071][  0]LogAudioMixer: Display: Starting AudioMixerPlatformInterface::RunInternal()
[2022.10.09-21.26.55:072][  0]LogAudioMixer: Display: FMixerPlatformXAudio2::SubmitBuffer() called for the first time
[2022.10.09-21.26.55:072][  0]LogInit: FAudioDevice initialized.
[2022.10.09-21.26.55:081][  0]LogNetVersion: Set ProjectVersion to 1.0.0.0. Version Checksum will be recalculated on next use.
[2022.10.09-21.26.55:081][  0]LogInit: Texture streaming: Enabled
[2022.10.09-21.26.55:668][  0]LogAudio: Display: Audio Device (ID: 1) registered with world 'Untitled'.
[2022.10.09-21.26.55:755][  0]LogSlate: Updating window title bar state: overlay mode, drag disabled, window buttons hidden, title bar hidden
[2022.10.09-21.26.55:786][  0]LogInit: Display: Game Engine Initialized.
[2022.10.09-21.26.55:842][  0]LogInit: Display: Starting Game.
[2022.10.09-21.26.55:844][  0]LogNet: Browse: /Game/DialogueSystem/Maps/ExampleMap?Name=Player
[2022.10.09-21.26.55:864][  0]LogLoad: LoadMap: /Game/DialogueSystem/Maps/ExampleMap?Name=Player
[2022.10.09-21.26.55:865][  0]LogWorld: BeginTearingDown for /Temp/Untitled_0
[2022.10.09-21.26.55:902][  0]LogWorld: UWorld::CleanupWorld for Untitled, bSessionEnded=true, bCleanupResources=true
[2022.10.09-21.26.55:907][  0]LogSlate: InvalidateAllWidgets triggered.  All widgets were invalidated
[2022.10.09-21.26.56:094][  0]LogAudio: Display: Audio Device unregistered from world 'None'.
[2022.10.09-21.26.56:231][  0]LogUObjectHash: Compacting FUObjectHashTables data took   1.59ms
[2022.10.09-21.26.56:790][  0]LogSlate: InvalidateAllWidgets triggered.  All widgets were invalidated
[2022.10.09-21.26.56:853][  0]LogAudio: Display: Audio Device (ID: 1) registered with world 'ExampleMap'.
[2022.10.09-21.26.56:866][  0]LogAIModule: Creating AISystem for world ExampleMap
[2022.10.09-21.26.56:892][  0]LogLoad: Game class is 'BP_GameMode_C'
[2022.10.09-21.26.57:327][  0]LogWorld: Bringing World /Game/DialogueSystem/Maps/ExampleMap.ExampleMap up for play (max tick rate 0) at 2022.10.09-23.26.57
[2022.10.09-21.26.57:461][  0]LogWorld: Bringing up level for play took: 0.451633
[2022.10.09-21.26.57:533][  0]LogSpawn: Warning: SpawnActor failed because no class was specified
[2022.10.09-21.26.57:602][  0]LogLoad: Took 1.737348 seconds to LoadMap(/Game/DialogueSystem/Maps/ExampleMap)
[2022.10.09-21.26.58:402][  0]LogSlate: Took 0.024577 seconds to synchronously load lazily loaded font '../../../Engine/Content/Slate/Fonts/Roboto-Regular.ttf' (155K)
[2022.10.09-21.26.58:878][  0]LogRenderer: Reallocating scene render targets to support 2560x1440 Format 10 NumSamples 1 (Frame:1).
[2022.10.09-21.26.58:878][  0]LogRHI: Display: ShaderPipelineCache: Paused Batching. 1
[2022.10.09-21.26.58:885][  0]LogPakFile: AllPaks IndexSizes: DirectoryHashSize=228388, PathHashSize=16, EntriesSize=32752, TotalSize=261156
[2022.10.09-21.26.58:885][  0]LogRHI: Display: ShaderPipelineCache: Resumed Batching. 0
[2022.10.09-21.26.58:885][  0]LogRHI: Display: ShaderPipelineCache: Batching Resumed.
[2022.10.09-21.26.58:885][  0]LogInit: Display: Engine is initialized. Leaving FEngineLoop::Init()
[2022.10.09-21.26.58:885][  0]LogLoad: (Engine Initialization) Total time: 12.12 seconds
[2022.10.09-21.26.59:104][  0]LogContentStreaming: Texture pool size now 1000 MB
[2022.10.09-21.26.59:340][  1]LogRenderer: Reallocating scene render targets to support 128x128 Format 10 NumSamples 1 (Frame:1).
[2022.10.09-21.26.59:340][  1]LogRenderer: Reallocating scene render targets to support 2560x1440 Format 10 NumSamples 1 (Frame:2).
[2022.10.09-21.27.00:707][120]LogViewport: Display: Viewport MouseLockMode Changed, LockOnCapture -> DoNotLock
[2022.10.09-21.27.00:707][120]LogViewport: Display: Viewport MouseCaptureMode Changed, CapturePermanently_IncludingInitialMouseDown -> CaptureDuringMouseDown
[2022.10.09-21.27.00:880][120]LogSlate: Took 0.018025 seconds to synchronously load lazily loaded font '../../../GraphDialogueSystem/Content/DialogueSystem/UI/Fonts/Poppins-SemiBold.ufont' (152K)
[2022.10.09-21.27.00:906][120]LogSlate: Took 0.000478 seconds to synchronously load lazily loaded font '../../../GraphDialogueSystem/Content/DialogueSystem/UI/Fonts/Poppins-Regular.ufont' (155K)
[2022.10.09-21.27.01:457][173]LogSlate: Took 0.012305 seconds to synchronously load lazily loaded font '../../../GraphDialogueSystem/Content/DialogueSystem/UI/Fonts/Poppins-Medium.ufont' (153K)
[2022.10.09-21.27.02:566][271]LogViewport: Display: Viewport MouseLockMode Changed, DoNotLock -> LockOnCapture
[2022.10.09-21.27.02:566][271]LogViewport: Display: Viewport MouseCaptureMode Changed, CaptureDuringMouseDown -> CapturePermanently
[2022.10.09-21.27.02:628][271]LogBlueprintUserMessages: [BP_Npc_2] Hello
[2022.10.09-21.27.07:082][976]LogWindowsDesktop: Alt-F4 pressed!
[2022.10.09-21.27.07:082][976]LogSlate: Request Window 'GraphDialogueSystem (64-bit Development PCD3D_SM5) ' being destroyed
[2022.10.09-21.27.07:102][976]LogSlate: Window 'GraphDialogueSystem (64-bit Development PCD3D_SM5) ' being destroyed
[2022.10.09-21.27.07:104][976]LogWindowsTextInputMethodSystem: Display: IME system deactivated.
[2022.10.09-21.27.07:120][976]LogSlate: Updating window title bar state: overlay mode, drag disabled, window buttons hidden, title bar hidden
[2022.10.09-21.27.07:120][976]LogEngine: All Windows Closed
[2022.10.09-21.27.07:120][976]LogWindows: FPlatformMisc::RequestExit(0)
[2022.10.09-21.27.07:120][976]LogWindows: FPlatformMisc::RequestExitWithStatus(0, 0)
[2022.10.09-21.27.07:120][976]LogCore: Engine exit requested (reason: Win RequestExit)
[2022.10.09-21.27.07:121][977]LogCore: Engine exit requested (reason: EngineExit() was called; note: exit was already requested)
[2022.10.09-21.27.07:124][977]LogInit: Display: PreExit Game.
[2022.10.09-21.27.07:141][977]LogWorld: BeginTearingDown for /Game/DialogueSystem/Maps/ExampleMap
[2022.10.09-21.27.07:166][977]LogWorld: UWorld::CleanupWorld for ExampleMap, bSessionEnded=true, bCleanupResources=true
[2022.10.09-21.27.07:311][977]LogSlate: InvalidateAllWidgets triggered.  All widgets were invalidated
[2022.10.09-21.27.08:341][977]LogAudio: Display: Beginning Audio Device Manager Shutdown (Module: AudioMixerXAudio2)...
[2022.10.09-21.27.08:397][977]LogAudio: Display: Destroying 1 Remaining Audio Device(s)...
[2022.10.09-21.27.08:397][977]LogAudio: Display: Audio Device unregistered from world 'ExampleMap'.
[2022.10.09-21.27.08:429][977]LogAudioMixer: FMixerPlatformXAudio2::StopAudioStream() called
[2022.10.09-21.27.08:429][977]LogAudioMixer: FMixerPlatformXAudio2::StopAudioStream() called
[2022.10.09-21.27.08:469][977]LogAudio: Display: Audio Device Manager Shutdown
[2022.10.09-21.27.08:474][977]LogExit: Preparing to exit.
[2022.10.09-21.27.08:482][977]LogMoviePlayer: Shutting down movie player
[2022.10.09-21.27.08:716][977]LogSlate: Updating window title bar state: overlay mode, drag disabled, window buttons hidden, title bar hidden
[2022.10.09-21.27.08:746][977]LogDemo: Cleaned up 0 splitscreen connections with owner deletion
[2022.10.09-21.27.08:778][977]LogExit: Game engine shut down
[2022.10.09-21.27.09:243][977]LogExit: Object subsystem successfully closed.
[2022.10.09-21.27.09:500][977]LogModuleManager: Shutting down and abandoning module AutomationController (358)
[2022.10.09-21.27.09:500][977]LogModuleManager: Shutting down and abandoning module AutomationWorker (356)
[2022.10.09-21.27.09:500][977]LogModuleManager: Shutting down and abandoning module Voice (354)
[2022.10.09-21.27.09:500][977]LogModuleManager: Shutting down and abandoning module AIModule (352)
[2022.10.09-21.27.09:500][977]LogModuleManager: Shutting down and abandoning module GameplayDebugger (351)
[2022.10.09-21.27.09:500][977]LogModuleManager: Shutting down and abandoning module NavigationSystem (349)
[2022.10.09-21.27.09:500][977]LogModuleManager: Shutting down and abandoning module WebMMediaFactory (346)
[2022.10.09-21.27.09:500][977]LogModuleManager: Shutting down and abandoning module WebMMedia (344)
[2022.10.09-21.27.09:500][977]LogModuleManager: Shutting down and abandoning module OpenXRInput (342)
[2022.10.09-21.27.09:501][977]LogModuleManager: Shutting down and abandoning module OculusMR (340)
[2022.10.09-21.27.09:501][977]LogModuleManager: Shutting down and abandoning module WmfMediaFactory (338)
[2022.10.09-21.27.09:501][977]LogModuleManager: Shutting down and abandoning module OpenExrWrapper (336)
[2022.10.09-21.27.09:501][977]LogModuleManager: Shutting down and abandoning module ImgMediaFactory (334)
[2022.10.09-21.27.09:501][977]LogModuleManager: Shutting down and abandoning module AvfMediaFactory (332)
[2022.10.09-21.27.09:501][977]LogModuleManager: Shutting down and abandoning module CharacterAI (330)
[2022.10.09-21.27.09:501][977]LogModuleManager: Shutting down and abandoning module PlanarCut (328)
[2022.10.09-21.27.09:501][977]LogModuleManager: Shutting down and abandoning module SessionServices (326)
[2022.10.09-21.27.09:501][977]LogModuleManager: Shutting down and abandoning module LiveCoding (324)
[2022.10.09-21.27.09:511][977]LogModuleManager: Shutting down and abandoning module LevelSequence (322)
[2022.10.09-21.27.09:511][977]LogModuleManager: Shutting down and abandoning module MovieSceneTracks (320)
[2022.10.09-21.27.09:511][977]LogModuleManager: Shutting down and abandoning module MovieScene (318)
[2022.10.09-21.27.09:511][977]LogModuleManager: Shutting down and abandoning module StreamingPauseRendering (316)
[2022.10.09-21.27.09:511][977]LogModuleManager: Shutting down and abandoning module AudioMixerXAudio2 (314)
[2022.10.09-21.27.09:511][977]LogModuleManager: Shutting down and abandoning module AudioMixerCore (313)
[2022.10.09-21.27.09:511][977]LogModuleManager: Shutting down and abandoning module ImageWriteQueue (310)
[2022.10.09-21.27.09:512][977]LogModuleManager: Shutting down and abandoning module ProfilerService (308)
[2022.10.09-21.27.09:670][977]LogModuleManager: Shutting down and abandoning module TaskGraph (306)
[2022.10.09-21.27.09:671][977]LogModuleManager: Shutting down and abandoning module Synthesis (304)
[2022.10.09-21.27.09:672][977]LogModuleManager: Shutting down and abandoning module TakeMovieScene (302)
[2022.10.09-21.27.09:672][977]LogModuleManager: Shutting down and abandoning module LiveLinkMovieScene (300)
[2022.10.09-21.27.09:672][977]LogModuleManager: Shutting down and abandoning module LiveLinkComponents (298)
[2022.10.09-21.27.09:672][977]LogModuleManager: Shutting down and abandoning module LiveLink (296)
[2022.10.09-21.27.09:897][977]LogModuleManager: Shutting down and abandoning module OculusInput (294)
[2022.10.09-21.27.09:897][977]LogModuleManager: Shutting down and abandoning module MobilePatchingUtils (292)
[2022.10.09-21.27.09:897][977]LogModuleManager: Shutting down and abandoning module GooglePAD (290)
[2022.10.09-21.27.09:897][977]LogModuleManager: Shutting down and abandoning module CustomMeshComponent (288)
[2022.10.09-21.27.09:897][977]LogModuleManager: Shutting down and abandoning module CableComponent (286)
[2022.10.09-21.27.09:897][977]LogModuleManager: Shutting down and abandoning module AudioCapture (284)
[2022.10.09-21.27.09:897][977]LogModuleManager: Shutting down and abandoning module AudioCaptureRtAudio (283)
[2022.10.09-21.27.09:897][977]LogModuleManager: Shutting down and abandoning module AssetTags (280)
[2022.10.09-21.27.09:897][977]LogModuleManager: Shutting down and abandoning module ArchVisCharacter (278)
[2022.10.09-21.27.09:897][977]LogModuleManager: Shutting down and abandoning module AppleImageUtils (276)
[2022.10.09-21.27.09:897][977]LogModuleManager: Shutting down and abandoning module AndroidPermission (274)
[2022.10.09-21.27.09:897][977]LogModuleManager: Shutting down and abandoning module ActorLayerUtilities (272)
[2022.10.09-21.27.09:897][977]LogModuleManager: Shutting down and abandoning module MediaCompositing (270)
[2022.10.09-21.27.09:897][977]LogModuleManager: Shutting down and abandoning module ImgMedia (268)
[2022.10.09-21.27.09:897][977]LogModuleManager: Shutting down and abandoning module MagicLeapLightEstimation (266)
[2022.10.09-21.27.09:897][977]LogModuleManager: Shutting down and abandoning module MagicLeapHelperVulkan (264)
[2022.10.09-21.27.09:897][977]LogModuleManager: Shutting down and abandoning module MagicLeapHelperOpenGL (262)
[2022.10.09-21.27.09:897][977]LogModuleManager: Shutting down and abandoning module MagicLeapAudio (260)
[2022.10.09-21.27.09:897][977]LogModuleManager: Shutting down and abandoning module MagicLeapSharedWorld (258)
[2022.10.09-21.27.09:897][977]LogModuleManager: Shutting down and abandoning module OpenImageDenoise (256)
[2022.10.09-21.27.09:897][977]LogModuleManager: Shutting down and abandoning module MotoSynth (254)
[2022.10.09-21.27.09:897][977]LogModuleManager: Shutting down and abandoning module ChaosNiagara (252)
[2022.10.09-21.27.09:897][977]LogModuleManager: Shutting down and abandoning module ProceduralMeshComponent (250)
[2022.10.09-21.27.09:897][977]LogModuleManager: Shutting down and abandoning module GeometryCollectionTracks (248)
[2022.10.09-21.27.09:897][977]LogModuleManager: Shutting down and abandoning module EditableMesh (246)
[2022.10.09-21.27.09:897][977]LogModuleManager: Shutting down and abandoning module MeshConversion (244)
[2022.10.09-21.27.09:897][977]LogModuleManager: Shutting down and abandoning module DynamicMesh (242)
[2022.10.09-21.27.09:897][977]LogModuleManager: Shutting down and abandoning module GeometryAlgorithms (240)
[2022.10.09-21.27.09:897][977]LogModuleManager: Shutting down and abandoning module GeometricObjects (238)
[2022.10.09-21.27.09:897][977]LogModuleManager: Shutting down and abandoning module BackChannel (236)
[2022.10.09-21.27.09:897][977]LogModuleManager: Shutting down and abandoning module AutomationUtils (234)
[2022.10.09-21.27.09:897][977]LogModuleManager: Shutting down and abandoning module GeometryCacheTracks (232)
[2022.10.09-21.27.09:897][977]LogModuleManager: Shutting down and abandoning module GeometryCache (230)
[2022.10.09-21.27.09:897][977]LogModuleManager: Shutting down and abandoning module UObjectPlugin (228)
[2022.10.09-21.27.09:897][977]LogModuleManager: Shutting down and abandoning module OodleNetworkHandlerComponent (226)
[2022.10.09-21.27.09:897][977]LogModuleManager: Shutting down and abandoning module TemplateSequence (224)
[2022.10.09-21.27.09:897][977]LogModuleManager: Shutting down and abandoning module AudioSynesthesia (222)
[2022.10.09-21.27.09:897][977]LogModuleManager: Shutting down and abandoning module AudioSynesthesiaCore (220)
[2022.10.09-21.27.09:897][977]LogModuleManager: Shutting down and abandoning module SoundFields (218)
[2022.10.09-21.27.09:897][977]LogModuleManager: Shutting down and abandoning module RuntimePhysXCooking (216)
[2022.10.09-21.27.09:897][977]LogModuleManager: Shutting down and abandoning module LocationServicesBPLibrary (212)
[2022.10.09-21.27.09:897][977]LogModuleManager: Shutting down and abandoning module ActorSequence (210)
[2022.10.09-21.27.09:897][977]LogModuleManager: Shutting down and abandoning module UdpMessaging (208)
[2022.10.09-21.27.09:898][977]LogModuleManager: Shutting down and abandoning module TcpMessaging (206)
[2022.10.09-21.27.09:899][977]LogModuleManager: Shutting down and abandoning module ImgMediaEngine (204)
[2022.10.09-21.27.09:899][977]LogModuleManager: Shutting down and abandoning module MagicLeapHandMeshing (202)
[2022.10.09-21.27.09:899][977]LogModuleManager: Shutting down and abandoning module MagicLeapSecureStorage (200)
[2022.10.09-21.27.09:899][977]LogModuleManager: Shutting down and abandoning module MagicLeapPrivileges (198)
[2022.10.09-21.27.09:899][977]LogModuleManager: Shutting down and abandoning module MagicLeapPlanes (196)
[2022.10.09-21.27.09:899][977]LogModuleManager: Shutting down and abandoning module MagicLeapImageTracker (194)
[2022.10.09-21.27.09:899][977]LogModuleManager: Shutting down and abandoning module MagicLeapIdentity (192)
[2022.10.09-21.27.09:899][977]LogModuleManager: Shutting down and abandoning module MagicLeapHandTracking (190)
[2022.10.09-21.27.09:899][977]LogModuleManager: Shutting down and abandoning module MagicLeapEyeTracker (188)
[2022.10.09-21.27.09:899][977]LogModuleManager: Shutting down and abandoning module MagicLeapController (186)
[2022.10.09-21.27.09:899][977]LogModuleManager: Shutting down and abandoning module MagicLeapARPinImpl (184)
[2022.10.09-21.27.09:899][977]LogModuleManager: Shutting down and abandoning module MagicLeapAR (182)
[2022.10.09-21.27.09:899][977]LogModuleManager: Shutting down and abandoning module MagicLeapARPin (180)
[2022.10.09-21.27.09:899][977]LogModuleManager: Shutting down and abandoning module NiagaraAnimNotifies (178)
[2022.10.09-21.27.09:899][977]LogModuleManager: Shutting down and abandoning module Niagara (176)
[2022.10.09-21.27.09:929][977]LogModuleManager: Shutting down and abandoning module SignalProcessing (175)
[2022.10.09-21.27.09:929][977]LogModuleManager: Shutting down and abandoning module NiagaraCore (172)
[2022.10.09-21.27.09:929][977]LogModuleManager: Shutting down and abandoning module FacialAnimation (170)
[2022.10.09-21.27.09:929][977]LogModuleManager: Shutting down and abandoning module SignificanceManager (168)
[2022.10.09-21.27.09:929][977]LogModuleManager: Shutting down and abandoning module AnimationSharing (166)
[2022.10.09-21.27.09:929][977]LogModuleManager: Shutting down and abandoning module GameplayCameras (164)
[2022.10.09-21.27.09:929][977]LogModuleManager: Shutting down and abandoning module LightPropagationVolumeRuntime (162)
[2022.10.09-21.27.09:929][977]LogModuleManager: Shutting down and abandoning module Paper2D (160)
[2022.10.09-21.27.09:929][977]LogModuleManager: Shutting down and abandoning module WindowsMoviePlayer (158)
[2022.10.09-21.27.09:931][977]LogModuleManager: Shutting down and abandoning module WebMMoviePlayer (156)
[2022.10.09-21.27.09:931][977]LogModuleManager: Shutting down and abandoning module NetworkReplayStreaming (154)
[2022.10.09-21.27.09:931][977]LogModuleManager: Shutting down and abandoning module PacketHandler (152)
[2022.10.09-21.27.09:931][977]LogModuleManager: Shutting down and abandoning module ClothingSystemRuntimeNv (150)
[2022.10.09-21.27.09:952][977]LogModuleManager: Shutting down and abandoning module MediaAssets (148)
[2022.10.09-21.27.09:952][977]LogModuleManager: Shutting down and abandoning module Overlay (146)
[2022.10.09-21.27.09:952][977]LogModuleManager: Shutting down and abandoning module FunctionalTesting (144)
[2022.10.09-21.27.09:952][977]LogModuleManager: Shutting down and abandoning module MessageLog (142)
[2022.10.09-21.27.09:978][977]LogModuleManager: Shutting down and abandoning module UMG (140)
[2022.10.09-21.27.09:978][977]LogModuleManager: Shutting down and abandoning module SlateReflector (138)
[2022.10.09-21.27.10:006][977]LogModuleManager: Shutting down and abandoning module Slate (136)
[2022.10.09-21.27.10:006][977]LogModuleManager: Shutting down and abandoning module SlateCore (134)
[2022.10.09-21.27.10:016][977]LogModuleManager: Shutting down and abandoning module MRMesh (132)
[2022.10.09-21.27.10:016][977]LogModuleManager: Shutting down and abandoning module Messaging (130)
[2022.10.09-21.27.10:016][977]LogModuleManager: Shutting down and abandoning module HeadMountedDisplay (128)
[2022.10.09-21.27.10:016][977]LogModuleManager: Shutting down and abandoning module XAudio2 (126)
[2022.10.09-21.27.10:016][977]LogModuleManager: Shutting down and abandoning module Networking (124)
[2022.10.09-21.27.10:016][977]LogModuleManager: Shutting down and abandoning module Core (122)
[2022.10.09-21.27.10:016][977]LogModuleManager: Shutting down and abandoning module FieldSystemEngine (120)
[2022.10.09-21.27.10:016][977]LogModuleManager: Shutting down and abandoning module ImageWrapper (116)
[2022.10.09-21.27.10:016][977]LogModuleManager: Shutting down and abandoning module D3D11RHI (114)
[2022.10.09-21.27.10:016][977]LogModuleManager: Shutting down and abandoning module InputCore (112)
[2022.10.09-21.27.10:016][977]LogModuleManager: Shutting down and abandoning module Settings (110)
[2022.10.09-21.27.10:016][977]LogModuleManager: Shutting down and abandoning module PhysXCooking (108)
[2022.10.09-21.27.10:017][977]LogModuleManager: Shutting down and abandoning module Chaos (106)
[2022.10.09-21.27.10:017][977]LogModuleManager: Shutting down and abandoning module WindowsPlatformFeatures (104)
[2022.10.09-21.27.10:017][977]LogModuleManager: Shutting down and abandoning module GameplayMediaEncoder (103)
[2022.10.09-21.27.10:017][977]LogModuleManager: Shutting down and abandoning module AVEncoder (102)
[2022.10.09-21.27.10:017][977]LogModuleManager: Shutting down and abandoning module SteamVRInputDevice (98)
[2022.10.09-21.27.10:017][977]LogModuleManager: Shutting down and abandoning module SteamVRInput (96)
[2022.10.09-21.27.10:017][977]LogModuleManager: Shutting down and abandoning module SteamVR (94)
[2022.10.09-21.27.10:017][977]LogHMD: Freeing OpenVRDLLHandle.
[2022.10.09-21.27.10:017][977]LogModuleManager: Shutting down and abandoning module OpenXRHandTracking (92)
[2022.10.09-21.27.10:017][977]LogSlate: Slate User Destroyed.  User Index 0, Is Virtual User: 0
[2022.10.09-21.27.10:017][977]LogModuleManager: Shutting down and abandoning module OpenXRAR (90)
[2022.10.09-21.27.10:017][977]LogModuleManager: Shutting down and abandoning module AugmentedReality (89)
[2022.10.09-21.27.10:017][977]LogModuleManager: Shutting down and abandoning module OpenXRHMD (86)
[2022.10.09-21.27.10:029][977]LogModuleManager: Shutting down and abandoning module OpenXREyeTracker (84)
[2022.10.09-21.27.10:029][977]LogModuleManager: Shutting down and abandoning module OculusHMD (82)
[2022.10.09-21.27.10:029][977]LogModuleManager: Shutting down and abandoning module ExampleDeviceProfileSelector (80)
[2022.10.09-21.27.10:029][977]LogModuleManager: Shutting down and abandoning module ChunkDownloader (78)
[2022.10.09-21.27.10:029][977]LogModuleManager: Shutting down and abandoning module LauncherChunkInstaller (76)
[2022.10.09-21.27.10:029][977]LogModuleManager: Shutting down and abandoning module OnlineSubsystem (72)
[2022.10.09-21.27.10:054][977]LogModuleManager: Shutting down and abandoning module HTTP (67)
[2022.10.09-21.27.10:054][977]LogHttp: Display: cleaning up 0 outstanding Http requests.
[2022.10.09-21.27.10:138][977]LogModuleManager: Shutting down and abandoning module SSL (66)
[2022.10.09-21.27.10:148][977]LogModuleManager: Shutting down and abandoning module WmfMedia (62)
[2022.10.09-21.27.10:149][977]LogModuleManager: Shutting down and abandoning module Media (61)
[2022.10.09-21.27.10:149][977]LogModuleManager: Shutting down and abandoning module MediaInfo (60)
[2022.10.09-21.27.10:149][977]LogModuleManager: Shutting down and abandoning module ExrReaderGpu (56)
[2022.10.09-21.27.10:149][977]LogModuleManager: Shutting down and abandoning module MLSDK (54)
[2022.10.09-21.27.10:149][977]LogModuleManager: Shutting down and abandoning module MagicLeap (52)
[2022.10.09-21.27.10:149][977]LogModuleManager: Shutting down and abandoning module NiagaraVertexFactories (50)
[2022.10.09-21.27.10:149][977]LogModuleManager: Shutting down and abandoning module NiagaraShader (48)
[2022.10.09-21.27.10:149][977]LogModuleManager: Shutting down and abandoning module ChaosCloth (46)
[2022.10.09-21.27.10:149][977]LogModuleManager: Shutting down and abandoning module VariantManagerContent (44)
[2022.10.09-21.27.10:149][977]LogModuleManager: Shutting down and abandoning module DatasmithContent (42)
[2022.10.09-21.27.10:149][977]LogModuleManager: Shutting down and abandoning module PixWinPlugin (40)
[2022.10.09-21.27.10:149][977]LogModuleManager: Shutting down and abandoning module AISupportModule (38)
[2022.10.09-21.27.10:149][977]LogModuleManager: Shutting down and abandoning module PlatformCryptoOpenSSL (36)
[2022.10.09-21.27.10:149][977]LogModuleManager: Shutting down and abandoning module PlatformCryptoTypes (34)
[2022.10.09-21.27.10:149][977]LogModuleManager: Shutting down and abandoning module PlatformCrypto (32)
[2022.10.09-21.27.10:149][977]LogModuleManager: Shutting down and abandoning module PythonScriptPluginPreload (30)
[2022.10.09-21.27.10:149][977]LogModuleManager: Shutting down and abandoning module OodleDataCompressionFormat (28)
[2022.10.09-21.27.10:150][977]LogModuleManager: Shutting down and abandoning module RenderCore (26)
[2022.10.09-21.27.10:150][977]LogModuleManager: Shutting down and abandoning module Landscape (24)
[2022.10.09-21.27.10:150][977]LogModuleManager: Shutting down and abandoning module SlateRHIRenderer (22)
[2022.10.09-21.27.10:158][977]LogModuleManager: Shutting down and abandoning module AnimGraphRuntime (20)
[2022.10.09-21.27.10:158][977]LogModuleManager: Shutting down and abandoning module Renderer (18)
[2022.10.09-21.27.10:158][977]LogModuleManager: Shutting down and abandoning module Engine (16)
[2022.10.09-21.27.10:166][977]LogModuleManager: Shutting down and abandoning module CoreUObject (14)
[2022.10.09-21.27.10:166][977]LogModuleManager: Shutting down and abandoning module NetworkFile (12)
[2022.10.09-21.27.10:166][977]LogModuleManager: Shutting down and abandoning module CookedIterativeFile (10)
[2022.10.09-21.27.10:166][977]LogModuleManager: Shutting down and abandoning module StreamingFile (8)
[2022.10.09-21.27.10:166][977]LogModuleManager: Shutting down and abandoning module SandboxFile (6)
[2022.10.09-21.27.10:166][977]LogModuleManager: Shutting down and abandoning module PakFile (4)
[2022.10.09-21.27.10:168][977]LogModuleManager: Shutting down and abandoning module RSA (3)
[2022.10.09-21.27.10:168][977]LogContentStreaming: Display: There are 1 unreleased StreamingManagers
[2022.10.09-21.27.10:193][977]LogD3D11RHI: Shutdown
[2022.10.09-21.27.10:193][977]LogD3D11RHI: CleanupD3DDevice
[2022.10.09-21.27.10:213][977]LogExit: Exiting.
[2022.10.09-21.27.10:246][977]Log file closed, 10/09/22 23:27:10
